<?xml version="1.0" encoding="UTF-8"?>
<!-- Generated by org.testng.reporters.JUnitXMLReporter -->
<testsuite hostname="LAPTOP-CHAAP4R1" ignored="0" name="Default test" tests="3" failures="0" timestamp="13 Mar 2020 15:46:55 GMT" time="37.922" errors="0">
  <testcase name="test1" time="2.462" classname="com.automation.tests.TestClass"/>
  <testcase name="test2" time="1.826" classname="com.automation.tests.TestClass"/>
  <testcase name="test3" time="1.336" classname="com.automation.tests.TestClass"/>
</testsuite> <!-- Default test -->
