<?xml version="1.0" encoding="UTF-8"?>
<!-- Generated by org.testng.reporters.JUnitXMLReporter -->
<testsuite hostname="LAPTOP-CHAAP4R1" ignored="0" name="Test" tests="3" failures="0" timestamp="13 Mar 2020 17:07:59 GMT" time="37.148" errors="0">
  <testcase name="test1" time="1.547" classname="com.automation.tests.TestClass"/>
  <testcase name="test2" time="1.533" classname="com.automation.tests.TestClass"/>
  <testcase name="test3" time="1.733" classname="com.automation.tests.TestClass"/>
</testsuite> <!-- Test -->
