<?xml version="1.0" encoding="UTF-8"?>
<!-- Generated by org.testng.reporters.JUnitXMLReporter -->
<testsuite hostname="LAPTOP-CHAAP4R1" ignored="0" name="Command line test" tests="3" failures="0" timestamp="13 Mar 2020 17:11:57 GMT" time="39.147" errors="0">
  <testcase name="test1" time="1.999" classname="com.automation.tests.TestClass"/>
  <testcase name="test2" time="3.314" classname="com.automation.tests.TestClass"/>
  <testcase name="test3" time="1.076" classname="com.automation.tests.TestClass"/>
</testsuite> <!-- Command line test -->
