<?xml version="1.0" encoding="UTF-8"?>
<testng-results skipped="0" failed="0" ignored="0" total="3" passed="3">
  <reporter-output>
  </reporter-output>
  <suite name="com.automation.tests.TestClass" duration-ms="39147" started-at="2020-03-13T17:11:18Z" finished-at="2020-03-13T17:11:57Z">
    <groups>
    </groups>
    <test name="Command line test" duration-ms="39147" started-at="2020-03-13T17:11:18Z" finished-at="2020-03-13T17:11:57Z">
      <class name="com.automation.tests.TestClass">
        <test-method status="PASS" signature="lauchBrowser()[pri:0, instance:com.automation.tests.TestClass@2acf57e3]" name="lauchBrowser" is-config="true" duration-ms="10439" started-at="2020-03-13T17:11:18Z" finished-at="2020-03-13T17:11:29Z">
          <reporter-output>
          </reporter-output>
        </test-method> <!-- lauchBrowser -->
        <test-method status="PASS" signature="test1()[pri:0, instance:com.automation.tests.TestClass@2acf57e3]" name="test1" duration-ms="1999" started-at="2020-03-13T17:11:29Z" finished-at="2020-03-13T17:11:31Z">
          <reporter-output>
          </reporter-output>
        </test-method> <!-- test1 -->
        <test-method status="PASS" signature="closeBrowser()[pri:0, instance:com.automation.tests.TestClass@2acf57e3]" name="closeBrowser" is-config="true" duration-ms="1381" started-at="2020-03-13T17:11:31Z" finished-at="2020-03-13T17:11:32Z">
          <reporter-output>
          </reporter-output>
        </test-method> <!-- closeBrowser -->
        <test-method status="PASS" signature="lauchBrowser()[pri:0, instance:com.automation.tests.TestClass@2acf57e3]" name="lauchBrowser" is-config="true" duration-ms="10186" started-at="2020-03-13T17:11:32Z" finished-at="2020-03-13T17:11:42Z">
          <reporter-output>
          </reporter-output>
        </test-method> <!-- lauchBrowser -->
        <test-method status="PASS" signature="test2()[pri:0, instance:com.automation.tests.TestClass@2acf57e3]" name="test2" duration-ms="3314" started-at="2020-03-13T17:11:42Z" finished-at="2020-03-13T17:11:45Z">
          <reporter-output>
          </reporter-output>
        </test-method> <!-- test2 -->
        <test-method status="PASS" signature="closeBrowser()[pri:0, instance:com.automation.tests.TestClass@2acf57e3]" name="closeBrowser" is-config="true" duration-ms="689" started-at="2020-03-13T17:11:45Z" finished-at="2020-03-13T17:11:46Z">
          <reporter-output>
          </reporter-output>
        </test-method> <!-- closeBrowser -->
        <test-method status="PASS" signature="lauchBrowser()[pri:0, instance:com.automation.tests.TestClass@2acf57e3]" name="lauchBrowser" is-config="true" duration-ms="9357" started-at="2020-03-13T17:11:46Z" finished-at="2020-03-13T17:11:55Z">
          <reporter-output>
          </reporter-output>
        </test-method> <!-- lauchBrowser -->
        <test-method status="PASS" signature="test3()[pri:0, instance:com.automation.tests.TestClass@2acf57e3]" name="test3" duration-ms="1076" started-at="2020-03-13T17:11:55Z" finished-at="2020-03-13T17:11:57Z">
          <reporter-output>
          </reporter-output>
        </test-method> <!-- test3 -->
        <test-method status="PASS" signature="closeBrowser()[pri:0, instance:com.automation.tests.TestClass@2acf57e3]" name="closeBrowser" is-config="true" duration-ms="661" started-at="2020-03-13T17:11:57Z" finished-at="2020-03-13T17:11:57Z">
          <reporter-output>
          </reporter-output>
        </test-method> <!-- closeBrowser -->
      </class> <!-- com.automation.tests.TestClass -->
    </test> <!-- Command line test -->
  </suite> <!-- com.automation.tests.TestClass -->
</testng-results>
