<?xml version="1.0" encoding="UTF-8"?>
<testng-results skipped="0" failed="0" ignored="0" total="3" passed="3">
  <reporter-output>
  </reporter-output>
  <suite name="Suite" duration-ms="37148" started-at="2020-03-13T17:07:22Z" finished-at="2020-03-13T17:07:59Z">
    <groups>
    </groups>
    <test name="Test" duration-ms="37148" started-at="2020-03-13T17:07:22Z" finished-at="2020-03-13T17:07:59Z">
      <class name="com.automation.tests.TestClass">
        <test-method status="PASS" signature="lauchBrowser()[pri:0, instance:com.automation.tests.TestClass@c038203]" name="lauchBrowser" is-config="true" duration-ms="10396" started-at="2020-03-13T17:07:22Z" finished-at="2020-03-13T17:07:33Z">
          <reporter-output>
          </reporter-output>
        </test-method> <!-- lauchBrowser -->
        <test-method status="PASS" signature="test1()[pri:0, instance:com.automation.tests.TestClass@c038203]" name="test1" duration-ms="1547" started-at="2020-03-13T17:07:33Z" finished-at="2020-03-13T17:07:34Z">
          <reporter-output>
          </reporter-output>
        </test-method> <!-- test1 -->
        <test-method status="PASS" signature="closeBrowser()[pri:0, instance:com.automation.tests.TestClass@c038203]" name="closeBrowser" is-config="true" duration-ms="1432" started-at="2020-03-13T17:07:34Z" finished-at="2020-03-13T17:07:35Z">
          <reporter-output>
          </reporter-output>
        </test-method> <!-- closeBrowser -->
        <test-method status="PASS" signature="lauchBrowser()[pri:0, instance:com.automation.tests.TestClass@c038203]" name="lauchBrowser" is-config="true" duration-ms="9535" started-at="2020-03-13T17:07:36Z" finished-at="2020-03-13T17:07:45Z">
          <reporter-output>
          </reporter-output>
        </test-method> <!-- lauchBrowser -->
        <test-method status="PASS" signature="test2()[pri:0, instance:com.automation.tests.TestClass@c038203]" name="test2" duration-ms="1533" started-at="2020-03-13T17:07:45Z" finished-at="2020-03-13T17:07:47Z">
          <reporter-output>
          </reporter-output>
        </test-method> <!-- test2 -->
        <test-method status="PASS" signature="closeBrowser()[pri:0, instance:com.automation.tests.TestClass@c038203]" name="closeBrowser" is-config="true" duration-ms="638" started-at="2020-03-13T17:07:47Z" finished-at="2020-03-13T17:07:47Z">
          <reporter-output>
          </reporter-output>
        </test-method> <!-- closeBrowser -->
        <test-method status="PASS" signature="lauchBrowser()[pri:0, instance:com.automation.tests.TestClass@c038203]" name="lauchBrowser" is-config="true" duration-ms="9657" started-at="2020-03-13T17:07:47Z" finished-at="2020-03-13T17:07:57Z">
          <reporter-output>
          </reporter-output>
        </test-method> <!-- lauchBrowser -->
        <test-method status="PASS" signature="test3()[pri:0, instance:com.automation.tests.TestClass@c038203]" name="test3" duration-ms="1733" started-at="2020-03-13T17:07:57Z" finished-at="2020-03-13T17:07:59Z">
          <reporter-output>
          </reporter-output>
        </test-method> <!-- test3 -->
        <test-method status="PASS" signature="closeBrowser()[pri:0, instance:com.automation.tests.TestClass@c038203]" name="closeBrowser" is-config="true" duration-ms="642" started-at="2020-03-13T17:07:59Z" finished-at="2020-03-13T17:07:59Z">
          <reporter-output>
          </reporter-output>
        </test-method> <!-- closeBrowser -->
      </class> <!-- com.automation.tests.TestClass -->
    </test> <!-- Test -->
  </suite> <!-- Suite -->
</testng-results>
